<?xml version="1.0" encoding="UTF-8"?>
<testng-results ignored="2" total="2" passed="0" failed="0" skipped="0">
  <reporter-output>
  </reporter-output>
  <suite started-at="2023-08-19T15:30:27Z" name="regression" finished-at="2023-08-19T15:30:27Z" duration-ms="14">
    <groups>
    </groups>
    <test started-at="2023-08-19T15:30:27Z" name="fbhome_restart Chrome browser" finished-at="2023-08-19T15:30:27Z" duration-ms="14">
    </test> <!-- fbhome_restart Chrome browser -->
  </suite> <!-- regression -->
</testng-results>
