<?xml version="1.0" encoding="UTF-8"?>
<!-- Generated by org.testng.reporters.JUnitXMLReporter -->
<testsuite ignored="2" hostname="LAPTOP-8DMJNPKO" failures="0" tests="0" time="0.014" errors="0" timestamp="19 Aug 2023 15:30:27 GMT">
  <testcase classname="batch7TestNGProject1.B7NGProject1.NewTest" name="fbtextTestCase2" time="0.0">
    <ignored/>
  </testcase> <!-- fbtextTestCase2 -->
  <testcase classname="batch7TestNGProject1.B7NGProject1.NewTest" name="fbtextTestCase" time="0.0">
    <ignored/>
  </testcase> <!-- fbtextTestCase -->
</testsuite>
